  Game.cpp
L:\C++ introduction project\c--2\Retrogame C++ The Legend\Retrogame C++ The Legend\SceneObject.h(70,1): warning C4267: 'return': conversion from 'size_t' to 'int', possible loss of data
L:\C++ introduction project\c--2\Retrogame C++ The Legend\Retrogame C++ The Legend\SpriteObject.h(26,17): warning C4244: 'return': conversion from 'int' to 'float', possible loss of data
L:\C++ introduction project\c--2\Retrogame C++ The Legend\Retrogame C++ The Legend\SpriteObject.h(30,17): warning C4244: 'return': conversion from 'int' to 'float', possible loss of data
L:\C++ introduction project\c--2\Retrogame C++ The Legend\Retrogame C++ The Legend\Game.cpp(191,67): warning C4244: '=': conversion from 'int' to 'float', possible loss of data
L:\C++ introduction project\c--2\Retrogame C++ The Legend\Retrogame C++ The Legend\Game.cpp(197,68): warning C4244: '=': conversion from 'int' to 'float', possible loss of data
L:\C++ introduction project\c--2\Retrogame C++ The Legend\Retrogame C++ The Legend\Game.cpp(203,67): warning C4244: '=': conversion from 'int' to 'float', possible loss of data
L:\C++ introduction project\c--2\Retrogame C++ The Legend\Retrogame C++ The Legend\Game.cpp(209,68): warning C4244: '=': conversion from 'int' to 'float', possible loss of data
L:\C++ introduction project\c--2\Retrogame C++ The Legend\Retrogame C++ The Legend\Game.cpp(277,60): warning C4244: '=': conversion from 'int' to 'float', possible loss of data
L:\C++ introduction project\c--2\Retrogame C++ The Legend\Retrogame C++ The Legend\Game.cpp(282,57): warning C4244: '=': conversion from 'int' to 'float', possible loss of data
L:\C++ introduction project\c--2\Retrogame C++ The Legend\Retrogame C++ The Legend\Game.cpp(288,58): warning C4244: '=': conversion from 'int' to 'float', possible loss of data
L:\C++ introduction project\c--2\Retrogame C++ The Legend\Retrogame C++ The Legend\Game.cpp(294,57): warning C4244: '=': conversion from 'int' to 'float', possible loss of data
L:\C++ introduction project\c--2\Retrogame C++ The Legend\Retrogame C++ The Legend\Game.cpp(325,69): warning C4244: '=': conversion from 'int' to 'float', possible loss of data
L:\C++ introduction project\c--2\Retrogame C++ The Legend\Retrogame C++ The Legend\Game.cpp(343,70): warning C4244: '=': conversion from 'int' to 'float', possible loss of data
L:\C++ introduction project\c--2\Retrogame C++ The Legend\Retrogame C++ The Legend\Game.cpp(361,69): warning C4244: '=': conversion from 'int' to 'float', possible loss of data
L:\C++ introduction project\c--2\Retrogame C++ The Legend\Retrogame C++ The Legend\Game.cpp(380,70): warning C4244: '=': conversion from 'int' to 'float', possible loss of data
L:\C++ introduction project\c--2\Retrogame C++ The Legend\Retrogame C++ The Legend\Game.cpp(399,61): warning C4244: '=': conversion from 'int' to 'float', possible loss of data
L:\C++ introduction project\c--2\Retrogame C++ The Legend\Retrogame C++ The Legend\Game.cpp(409,61): warning C4244: '=': conversion from 'int' to 'float', possible loss of data
L:\C++ introduction project\c--2\Retrogame C++ The Legend\Retrogame C++ The Legend\Game.cpp(423,58): warning C4244: '=': conversion from 'int' to 'float', possible loss of data
L:\C++ introduction project\c--2\Retrogame C++ The Legend\Retrogame C++ The Legend\Game.cpp(433,58): warning C4244: '=': conversion from 'int' to 'float', possible loss of data
L:\C++ introduction project\c--2\Retrogame C++ The Legend\Retrogame C++ The Legend\Game.cpp(447,59): warning C4244: '=': conversion from 'int' to 'float', possible loss of data
L:\C++ introduction project\c--2\Retrogame C++ The Legend\Retrogame C++ The Legend\Game.cpp(456,59): warning C4244: '=': conversion from 'int' to 'float', possible loss of data
L:\C++ introduction project\c--2\Retrogame C++ The Legend\Retrogame C++ The Legend\Game.cpp(470,58): warning C4244: '=': conversion from 'int' to 'float', possible loss of data
L:\C++ introduction project\c--2\Retrogame C++ The Legend\Retrogame C++ The Legend\Game.cpp(480,58): warning C4244: '=': conversion from 'int' to 'float', possible loss of data
  Main.cpp
L:\C++ introduction project\c--2\Retrogame C++ The Legend\Retrogame C++ The Legend\SceneObject.h(70,1): warning C4267: 'return': conversion from 'size_t' to 'int', possible loss of data
L:\C++ introduction project\c--2\Retrogame C++ The Legend\Retrogame C++ The Legend\SpriteObject.h(26,17): warning C4244: 'return': conversion from 'int' to 'float', possible loss of data
L:\C++ introduction project\c--2\Retrogame C++ The Legend\Retrogame C++ The Legend\SpriteObject.h(30,17): warning C4244: 'return': conversion from 'int' to 'float', possible loss of data
  Map.cpp
L:\C++ introduction project\c--2\Retrogame C++ The Legend\Retrogame C++ The Legend\SceneObject.h(70,1): warning C4267: 'return': conversion from 'size_t' to 'int', possible loss of data
L:\C++ introduction project\c--2\Retrogame C++ The Legend\Retrogame C++ The Legend\SpriteObject.h(26,17): warning C4244: 'return': conversion from 'int' to 'float', possible loss of data
L:\C++ introduction project\c--2\Retrogame C++ The Legend\Retrogame C++ The Legend\SpriteObject.h(30,17): warning C4244: 'return': conversion from 'int' to 'float', possible loss of data
L:\C++ introduction project\c--2\Retrogame C++ The Legend\Retrogame C++ The Legend\Map.cpp(8,34): warning C4244: '=': conversion from 'float' to 'int', possible loss of data
L:\C++ introduction project\c--2\Retrogame C++ The Legend\Retrogame C++ The Legend\Map.cpp(9,36): warning C4244: '=': conversion from 'float' to 'int', possible loss of data
L:\C++ introduction project\c--2\Retrogame C++ The Legend\Retrogame C++ The Legend\Map.cpp(65,16): warning C4244: 'initializing': conversion from 'float' to 'int', possible loss of data
L:\C++ introduction project\c--2\Retrogame C++ The Legend\Retrogame C++ The Legend\Map.cpp(66,16): warning C4244: 'initializing': conversion from 'float' to 'int', possible loss of data
L:\C++ introduction project\c--2\Retrogame C++ The Legend\Retrogame C++ The Legend\Map.cpp(69,17): warning C4244: 'initializing': conversion from 'float' to 'int', possible loss of data
  Tile.cpp
L:\C++ introduction project\c--2\Retrogame C++ The Legend\Retrogame C++ The Legend\SceneObject.h(70,1): warning C4267: 'return': conversion from 'size_t' to 'int', possible loss of data
L:\C++ introduction project\c--2\Retrogame C++ The Legend\Retrogame C++ The Legend\SpriteObject.h(26,17): warning C4244: 'return': conversion from 'int' to 'float', possible loss of data
L:\C++ introduction project\c--2\Retrogame C++ The Legend\Retrogame C++ The Legend\SpriteObject.h(30,17): warning C4244: 'return': conversion from 'int' to 'float', possible loss of data
  Generating code
  6 of 300 functions ( 2.0%) were compiled, the rest were copied from previous compilation.
    2 functions were new in current compilation
    1 functions had inline decision re-evaluated but remain unchanged
  Finished generating code
  Retrogame C++ The Legend.vcxproj -> L:\C++ introduction project\c--2\Retrogame C++ The Legend\x64\Release\Retrogame C++ The Legend.exe
